2022-02-03 22:19:31,186:INFO: sample_name=ginkgo
2022-02-03 22:19:31,187:INFO: --------------------------------------------------------------------------------
2022-02-03 22:19:31,187:INFO: sample_filename=ginkgo_kt_1020000jets
2022-02-03 22:19:31,187:INFO: ------------------------------------------------------------
2022-02-03 22:19:31,187:INFO: Loading the datasets...
2022-02-03 22:19:35,372:INFO: - done loading the datasets
2022-02-03 22:19:35,372:INFO: ------------------------------------------------------------
2022-02-03 22:19:35,420:INFO: Total parameters of the model= 728801
2022-02-03 22:19:35,420:INFO: Total weights of the model= 728801
2022-02-03 22:19:35,421:INFO: Model= PredictFromParticleEmbeddingNiNReLU(
  (fc_u): Linear(in_features=4, out_features=160, bias=True)
  (fc_h): Linear(in_features=480, out_features=160, bias=True)
  (fc_u_inner1): Linear(in_features=4, out_features=160, bias=True)
  (fc_u_outer1): Linear(in_features=4, out_features=160, bias=True)
  (fc_u_inner): Linear(in_features=4, out_features=160, bias=True)
  (fc_u_outer): Linear(in_features=4, out_features=160, bias=True)
  (fc_N0): Linear(in_features=160, out_features=160, bias=True)
  (fc_N1): Linear(in_features=160, out_features=160, bias=True)
  (fc_N2): Linear(in_features=160, out_features=160, bias=True)
  (fc_N3): Linear(in_features=160, out_features=160, bias=True)
  (fc_N4): Linear(in_features=160, out_features=160, bias=True)
  (fc_N5): Linear(in_features=160, out_features=160, bias=True)
  (fc_N6): Linear(in_features=160, out_features=160, bias=True)
  (fc_N7): Linear(in_features=160, out_features=160, bias=True)
  (fc_N8): Linear(in_features=160, out_features=160, bias=True)
  (fc_N9): Linear(in_features=160, out_features=160, bias=True)
  (transform): GRNNTransformSimpleNiNReLU(
    (fc_u): Linear(in_features=4, out_features=160, bias=True)
    (fc_h): Linear(in_features=480, out_features=160, bias=True)
    (fc_u_inner1): Linear(in_features=4, out_features=160, bias=True)
    (fc_u_outer1): Linear(in_features=4, out_features=160, bias=True)
    (fc_u_inner): Linear(in_features=4, out_features=160, bias=True)
    (fc_u_outer): Linear(in_features=4, out_features=160, bias=True)
    (fc_N0): Linear(in_features=160, out_features=160, bias=True)
    (fc_N1): Linear(in_features=160, out_features=160, bias=True)
    (fc_N2): Linear(in_features=160, out_features=160, bias=True)
    (fc_N3): Linear(in_features=160, out_features=160, bias=True)
    (fc_N4): Linear(in_features=160, out_features=160, bias=True)
    (fc_N5): Linear(in_features=160, out_features=160, bias=True)
    (fc_N6): Linear(in_features=160, out_features=160, bias=True)
    (fc_N7): Linear(in_features=160, out_features=160, bias=True)
    (fc_N8): Linear(in_features=160, out_features=160, bias=True)
    (fc_N9): Linear(in_features=160, out_features=160, bias=True)
  )
  (fc1): Linear(in_features=160, out_features=160, bias=True)
  (fc2): Linear(in_features=160, out_features=160, bias=True)
  (fc3): Linear(in_features=160, out_features=1, bias=True)
)
2022-02-03 22:19:35,421:INFO: ------------------------------------------------------------
2022-02-03 22:19:35,421:INFO: Building optimizer...
2022-02-03 22:19:35,421:INFO: Starting training for 30 epoch(s)
2022-02-03 22:19:37,226:INFO: Epoch 1/30
2022-02-03 22:25:21,113:INFO: - Train metrics: accuracy: 0.5007 ; loss: 0.6937
2022-02-03 22:26:09,117:INFO: - Eval metrics : accuracy: 0.5000 ; loss: 0.6931
2022-02-03 22:26:09,346:INFO: - Found new best bg rejection = inf
2022-02-03 22:26:09,347:INFO: Epoch 2/30
2022-02-03 22:31:59,916:INFO: - Train metrics: accuracy: 0.5003 ; loss: 0.6934
2022-02-03 22:32:48,703:INFO: - Eval metrics : accuracy: 0.5000 ; loss: 0.6932
2022-02-03 22:32:48,954:INFO: - Found new best bg rejection = inf
2022-02-03 22:32:48,955:INFO: Epoch 3/30
2022-02-03 22:38:48,535:INFO: - Train metrics: accuracy: 0.5010 ; loss: 0.6933
2022-02-03 22:39:37,025:INFO: - Eval metrics : accuracy: 0.5000 ; loss: 0.6932
2022-02-03 22:39:37,268:INFO: - Found new best bg rejection = inf
2022-02-03 22:39:37,269:INFO: Epoch 4/30
2022-02-03 22:46:37,331:INFO: - Train metrics: accuracy: 0.5010 ; loss: 0.6932
2022-02-03 22:47:25,768:INFO: - Eval metrics : accuracy: 0.5000 ; loss: 0.6932
2022-02-03 22:47:26,013:INFO: - Found new best bg rejection = inf
2022-02-03 22:47:26,014:INFO: Epoch 5/30
2022-02-03 22:54:48,106:INFO: - Train metrics: accuracy: 0.5012 ; loss: 0.6932
2022-02-03 22:55:36,990:INFO: - Eval metrics : accuracy: 0.5000 ; loss: 0.6932
2022-02-03 22:55:37,245:INFO: - Found new best bg rejection = inf
2022-02-03 22:55:37,246:INFO: Epoch 6/30
2022-02-03 23:03:02,932:INFO: - Train metrics: accuracy: 0.5004 ; loss: 0.6932
2022-02-03 23:03:51,658:INFO: - Eval metrics : accuracy: 0.5000 ; loss: 0.6932
2022-02-03 23:03:51,905:INFO: - Found new best bg rejection = inf
2022-02-03 23:03:51,906:INFO: Epoch 7/30
2022-02-03 23:11:16,946:INFO: - Train metrics: accuracy: 0.5005 ; loss: 0.6932
2022-02-03 23:12:05,721:INFO: - Eval metrics : accuracy: 0.5000 ; loss: 0.6932
2022-02-03 23:12:05,968:INFO: - Found new best bg rejection = inf
2022-02-03 23:12:05,969:INFO: Epoch 8/30
2022-02-03 23:19:33,661:INFO: - Train metrics: accuracy: 0.5004 ; loss: 0.6932
2022-02-03 23:20:22,524:INFO: - Eval metrics : accuracy: 0.5000 ; loss: 0.6932
2022-02-03 23:20:22,790:INFO: - Found new best bg rejection = inf
2022-02-03 23:20:22,791:INFO: Epoch 9/30
2022-02-03 23:27:53,006:INFO: - Train metrics: accuracy: 0.5004 ; loss: 0.6932
2022-02-03 23:28:42,079:INFO: - Eval metrics : accuracy: 0.5000 ; loss: 0.6932
2022-02-03 23:28:42,350:INFO: - Found new best bg rejection = inf
2022-02-03 23:28:42,351:INFO: Epoch 10/30
2022-02-03 23:36:14,176:INFO: - Train metrics: accuracy: 0.5005 ; loss: 0.6932
2022-02-03 23:37:03,298:INFO: - Eval metrics : accuracy: 0.5000 ; loss: 0.6932
2022-02-03 23:37:03,563:INFO: - Found new best bg rejection = inf
2022-02-03 23:37:03,564:INFO: Epoch 11/30
2022-02-03 23:44:34,044:INFO: - Train metrics: accuracy: 0.5007 ; loss: 0.6932
2022-02-03 23:45:22,319:INFO: - Eval metrics : accuracy: 0.5000 ; loss: 0.6932
2022-02-03 23:45:22,593:INFO: - Found new best bg rejection = inf
2022-02-03 23:45:22,594:INFO: Epoch 12/30
2022-02-03 23:52:52,553:INFO: - Train metrics: accuracy: 0.5007 ; loss: 0.6932
2022-02-03 23:53:41,471:INFO: - Eval metrics : accuracy: 0.5000 ; loss: 0.6932
2022-02-03 23:53:41,750:INFO: - Found new best bg rejection = inf
2022-02-03 23:53:41,751:INFO: Epoch 13/30
2022-02-04 00:01:14,389:INFO: - Train metrics: accuracy: 0.5006 ; loss: 0.6932
2022-02-04 00:02:02,849:INFO: - Eval metrics : accuracy: 0.5000 ; loss: 0.6932
2022-02-04 00:02:03,134:INFO: - Found new best bg rejection = inf
2022-02-04 00:02:03,136:INFO: Epoch 14/30
2022-02-04 00:09:36,518:INFO: - Train metrics: accuracy: 0.5003 ; loss: 0.6932
2022-02-04 00:10:25,748:INFO: - Eval metrics : accuracy: 0.5000 ; loss: 0.6932
2022-02-04 00:10:26,037:INFO: - Found new best bg rejection = inf
2022-02-04 00:10:26,039:INFO: Epoch 15/30
2022-02-04 00:17:59,478:INFO: - Train metrics: accuracy: 0.5005 ; loss: 0.6932
2022-02-04 00:18:47,903:INFO: - Eval metrics : accuracy: 0.5000 ; loss: 0.6932
2022-02-04 00:18:48,199:INFO: - Found new best bg rejection = inf
2022-02-04 00:18:48,200:INFO: Epoch 16/30
2022-02-04 00:26:21,092:INFO: - Train metrics: accuracy: 0.5004 ; loss: 0.6932
2022-02-04 00:27:09,542:INFO: - Eval metrics : accuracy: 0.5000 ; loss: 0.6932
2022-02-04 00:27:09,837:INFO: - Found new best bg rejection = inf
2022-02-04 00:27:09,838:INFO: Epoch 17/30
2022-02-04 00:34:44,381:INFO: - Train metrics: accuracy: 0.5004 ; loss: 0.6932
2022-02-04 00:35:32,616:INFO: - Eval metrics : accuracy: 0.5000 ; loss: 0.6931
2022-02-04 00:35:32,896:INFO: - Found new best bg rejection = inf
2022-02-04 00:35:32,907:INFO: Epoch 18/30
2022-02-04 00:43:06,555:INFO: - Train metrics: accuracy: 0.5001 ; loss: 0.6932
2022-02-04 00:43:55,219:INFO: - Eval metrics : accuracy: 0.5000 ; loss: 0.6931
2022-02-04 00:43:55,545:INFO: - Found new best bg rejection = inf
2022-02-04 00:43:55,546:INFO: Epoch 19/30
2022-02-04 00:51:28,380:INFO: - Train metrics: accuracy: 0.4999 ; loss: 0.6932
2022-02-04 00:52:16,559:INFO: - Eval metrics : accuracy: 0.5000 ; loss: 0.6931
2022-02-04 00:52:16,873:INFO: - Found new best bg rejection = inf
2022-02-04 00:52:16,875:INFO: Epoch 20/30
2022-02-04 00:59:54,025:INFO: - Train metrics: accuracy: 0.4999 ; loss: 0.6932
2022-02-04 01:00:42,635:INFO: - Eval metrics : accuracy: 0.5000 ; loss: 0.6931
2022-02-04 01:00:42,946:INFO: - Found new best bg rejection = inf
2022-02-04 01:00:42,959:INFO: Epoch 21/30
2022-02-04 01:08:20,278:INFO: - Train metrics: accuracy: 0.5000 ; loss: 0.6932
2022-02-04 01:09:08,538:INFO: - Eval metrics : accuracy: 0.5000 ; loss: 0.6931
2022-02-04 01:09:08,860:INFO: - Found new best bg rejection = inf
2022-02-04 01:09:08,861:INFO: Epoch 22/30
2022-02-04 01:16:47,289:INFO: - Train metrics: accuracy: 0.4998 ; loss: 0.6932
2022-02-04 01:17:35,645:INFO: - Eval metrics : accuracy: 0.5000 ; loss: 0.6931
2022-02-04 01:17:35,981:INFO: - Found new best bg rejection = inf
2022-02-04 01:17:35,982:INFO: Epoch 23/30
2022-02-04 01:25:13,527:INFO: - Train metrics: accuracy: 0.5001 ; loss: 0.6932
2022-02-04 01:26:01,768:INFO: - Eval metrics : accuracy: 0.5000 ; loss: 0.6931
2022-02-04 01:26:02,099:INFO: - Found new best bg rejection = inf
2022-02-04 01:26:02,101:INFO: Epoch 24/30
2022-02-04 01:33:42,734:INFO: - Train metrics: accuracy: 0.4997 ; loss: 0.6932
2022-02-04 01:34:30,938:INFO: - Eval metrics : accuracy: 0.5000 ; loss: 0.6931
2022-02-04 01:34:31,303:INFO: - Found new best bg rejection = inf
2022-02-04 01:34:31,305:INFO: Epoch 25/30
2022-02-04 01:42:12,838:INFO: - Train metrics: accuracy: 0.4994 ; loss: 0.6932
2022-02-04 01:43:01,538:INFO: - Eval metrics : accuracy: 0.5000 ; loss: 0.6931
2022-02-04 01:43:01,906:INFO: - Found new best bg rejection = inf
2022-02-04 01:43:01,907:INFO: Epoch 26/30
2022-02-04 01:50:44,021:INFO: - Train metrics: accuracy: 0.4992 ; loss: 0.6932
2022-02-04 01:51:32,550:INFO: - Eval metrics : accuracy: 0.5000 ; loss: 0.6931
2022-02-04 01:51:32,932:INFO: - Found new best bg rejection = inf
2022-02-04 01:51:32,933:INFO: Epoch 27/30
2022-02-04 01:59:15,016:INFO: - Train metrics: accuracy: 0.4994 ; loss: 0.6932
2022-02-04 02:00:03,649:INFO: - Eval metrics : accuracy: 0.5000 ; loss: 0.6931
2022-02-04 02:00:04,034:INFO: - Found new best bg rejection = inf
2022-02-04 02:00:04,036:INFO: Epoch 28/30
2022-02-04 02:07:44,772:INFO: - Train metrics: accuracy: 0.4995 ; loss: 0.6932
2022-02-04 02:08:33,261:INFO: - Eval metrics : accuracy: 0.5000 ; loss: 0.6931
2022-02-04 02:08:33,650:INFO: - Found new best bg rejection = inf
2022-02-04 02:08:33,651:INFO: Epoch 29/30
2022-02-04 02:16:18,013:INFO: - Train metrics: accuracy: 0.4998 ; loss: 0.6932
2022-02-04 02:17:06,370:INFO: - Eval metrics : accuracy: 0.5000 ; loss: 0.6931
2022-02-04 02:17:06,757:INFO: - Found new best bg rejection = inf
2022-02-04 02:17:06,759:INFO: Epoch 30/30
2022-02-04 02:24:52,442:INFO: - Train metrics: accuracy: 0.4999 ; loss: 0.6932
2022-02-04 02:25:41,219:INFO: - Eval metrics : accuracy: 0.5000 ; loss: 0.6931
2022-02-04 02:25:41,614:INFO: - Found new best bg rejection = inf
2022-02-04 02:25:43,324:INFO: Total time (minutes) =246.20228956540424
