2022-02-03 17:36:35,367:INFO: sample_name=ginkgo
2022-02-03 17:36:35,367:INFO: --------------------------------------------------------------------------------
2022-02-03 17:36:35,367:INFO: sample_filename=ginkgo_antikt_1020000jets
2022-02-03 17:36:35,368:INFO: ------------------------------------------------------------
2022-02-03 17:36:35,368:INFO: Loading the datasets...
2022-02-03 17:36:39,393:INFO: - done loading the datasets
2022-02-03 17:36:39,394:INFO: ------------------------------------------------------------
2022-02-03 17:36:39,544:INFO: Total parameters of the model= 47801
2022-02-03 17:36:39,544:INFO: Total weights of the model= 47801
2022-02-03 17:36:39,545:INFO: Model= PredictFromParticleEmbeddingNiNReLU(
  (fc_u): Linear(in_features=4, out_features=40, bias=True)
  (fc_h): Linear(in_features=120, out_features=40, bias=True)
  (fc_u_inner1): Linear(in_features=4, out_features=40, bias=True)
  (fc_u_outer1): Linear(in_features=4, out_features=40, bias=True)
  (fc_u_inner): Linear(in_features=4, out_features=40, bias=True)
  (fc_u_outer): Linear(in_features=4, out_features=40, bias=True)
  (fc_N0): Linear(in_features=40, out_features=40, bias=True)
  (fc_N1): Linear(in_features=40, out_features=40, bias=True)
  (fc_N2): Linear(in_features=40, out_features=40, bias=True)
  (fc_N3): Linear(in_features=40, out_features=40, bias=True)
  (fc_N4): Linear(in_features=40, out_features=40, bias=True)
  (fc_N5): Linear(in_features=40, out_features=40, bias=True)
  (fc_N6): Linear(in_features=40, out_features=40, bias=True)
  (fc_N7): Linear(in_features=40, out_features=40, bias=True)
  (fc_N8): Linear(in_features=40, out_features=40, bias=True)
  (fc_N9): Linear(in_features=40, out_features=40, bias=True)
  (transform): GRNNTransformSimpleNiNReLU(
    (fc_u): Linear(in_features=4, out_features=40, bias=True)
    (fc_h): Linear(in_features=120, out_features=40, bias=True)
    (fc_u_inner1): Linear(in_features=4, out_features=40, bias=True)
    (fc_u_outer1): Linear(in_features=4, out_features=40, bias=True)
    (fc_u_inner): Linear(in_features=4, out_features=40, bias=True)
    (fc_u_outer): Linear(in_features=4, out_features=40, bias=True)
    (fc_N0): Linear(in_features=40, out_features=40, bias=True)
    (fc_N1): Linear(in_features=40, out_features=40, bias=True)
    (fc_N2): Linear(in_features=40, out_features=40, bias=True)
    (fc_N3): Linear(in_features=40, out_features=40, bias=True)
    (fc_N4): Linear(in_features=40, out_features=40, bias=True)
    (fc_N5): Linear(in_features=40, out_features=40, bias=True)
    (fc_N6): Linear(in_features=40, out_features=40, bias=True)
    (fc_N7): Linear(in_features=40, out_features=40, bias=True)
    (fc_N8): Linear(in_features=40, out_features=40, bias=True)
    (fc_N9): Linear(in_features=40, out_features=40, bias=True)
  )
  (fc1): Linear(in_features=40, out_features=40, bias=True)
  (fc2): Linear(in_features=40, out_features=40, bias=True)
  (fc3): Linear(in_features=40, out_features=1, bias=True)
)
2022-02-03 17:36:39,545:INFO: ------------------------------------------------------------
2022-02-03 17:36:39,545:INFO: Building optimizer...
2022-02-03 17:36:39,545:INFO: Starting training for 30 epoch(s)
2022-02-03 17:36:41,339:INFO: Epoch 1/30
2022-02-03 17:39:49,052:INFO: - Train metrics: accuracy: 0.5015 ; loss: 0.6937
2022-02-03 17:40:31,187:INFO: - Eval metrics : accuracy: 0.5049 ; loss: 0.6929
2022-02-03 17:40:31,400:INFO: - Found new best bg rejection = 167.12065147446285
2022-02-03 17:40:31,401:INFO: Epoch 2/30
2022-02-03 17:43:38,473:INFO: - Train metrics: accuracy: 0.5031 ; loss: 0.6932
2022-02-03 17:44:20,907:INFO: - Eval metrics : accuracy: 0.5048 ; loss: 0.6929
2022-02-03 17:44:21,125:INFO: - Found new best bg rejection = inf
2022-02-03 17:44:21,126:INFO: Epoch 3/30
2022-02-03 17:47:27,449:INFO: - Train metrics: accuracy: 0.5044 ; loss: 0.6931
2022-02-03 17:48:10,800:INFO: - Eval metrics : accuracy: 0.5049 ; loss: 0.6927
2022-02-03 17:48:11,035:INFO: - Found new best bg rejection = inf
2022-02-03 17:48:11,036:INFO: Epoch 4/30
2022-02-03 17:51:25,265:INFO: - Train metrics: accuracy: 0.5042 ; loss: 0.6930
2022-02-03 17:52:08,464:INFO: - Eval metrics : accuracy: 0.5072 ; loss: 0.6927
2022-02-03 17:52:08,712:INFO: Epoch 5/30
2022-02-03 17:55:25,450:INFO: - Train metrics: accuracy: 0.5045 ; loss: 0.6929
2022-02-03 17:56:08,348:INFO: - Eval metrics : accuracy: 0.5061 ; loss: 0.6926
2022-02-03 17:56:08,625:INFO: - Found new best bg rejection = inf
2022-02-03 17:56:08,626:INFO: Epoch 6/30
2022-02-03 17:59:26,171:INFO: - Train metrics: accuracy: 0.5040 ; loss: 0.6929
2022-02-03 18:00:09,072:INFO: - Eval metrics : accuracy: 0.5071 ; loss: 0.6926
2022-02-03 18:00:09,336:INFO: - Found new best bg rejection = inf
2022-02-03 18:00:09,337:INFO: Epoch 7/30
2022-02-03 18:03:28,097:INFO: - Train metrics: accuracy: 0.5034 ; loss: 0.6929
2022-02-03 18:04:11,831:INFO: - Eval metrics : accuracy: 0.5052 ; loss: 0.6926
2022-02-03 18:04:12,098:INFO: - Found new best bg rejection = inf
2022-02-03 18:04:12,099:INFO: Epoch 8/30
2022-02-03 18:07:30,506:INFO: - Train metrics: accuracy: 0.5026 ; loss: 0.6928
2022-02-03 18:08:13,150:INFO: - Eval metrics : accuracy: 0.5052 ; loss: 0.6926
2022-02-03 18:08:13,434:INFO: - Found new best bg rejection = inf
2022-02-03 18:08:13,435:INFO: Epoch 9/30
2022-02-03 18:11:31,428:INFO: - Train metrics: accuracy: 0.5031 ; loss: 0.6928
2022-02-03 18:12:14,431:INFO: - Eval metrics : accuracy: 0.5051 ; loss: 0.6926
2022-02-03 18:12:14,717:INFO: Epoch 10/30
2022-02-03 18:15:33,325:INFO: - Train metrics: accuracy: 0.5027 ; loss: 0.6928
2022-02-03 18:16:16,949:INFO: - Eval metrics : accuracy: 0.5051 ; loss: 0.6926
2022-02-03 18:16:17,223:INFO: Epoch 11/30
2022-02-03 18:19:41,280:INFO: - Train metrics: accuracy: 0.5040 ; loss: 0.6927
2022-02-03 18:20:25,558:INFO: - Eval metrics : accuracy: 0.5071 ; loss: 0.6926
2022-02-03 18:20:25,871:INFO: - Found new best bg rejection = inf
2022-02-03 18:20:25,889:INFO: Epoch 12/30
2022-02-03 18:23:51,845:INFO: - Train metrics: accuracy: 0.5032 ; loss: 0.6927
2022-02-03 18:24:35,351:INFO: - Eval metrics : accuracy: 0.5053 ; loss: 0.6926
2022-02-03 18:24:35,693:INFO: Epoch 13/30
2022-02-03 18:28:02,412:INFO: - Train metrics: accuracy: 0.5048 ; loss: 0.6926
2022-02-03 18:28:46,190:INFO: - Eval metrics : accuracy: 0.5057 ; loss: 0.6925
2022-02-03 18:28:46,488:INFO: Epoch 14/30
2022-02-03 18:32:11,470:INFO: - Train metrics: accuracy: 0.5052 ; loss: 0.6926
2022-02-03 18:32:55,015:INFO: - Eval metrics : accuracy: 0.5050 ; loss: 0.6926
2022-02-03 18:32:55,327:INFO: Epoch 15/30
2022-02-03 18:36:22,511:INFO: - Train metrics: accuracy: 0.5051 ; loss: 0.6926
2022-02-03 18:37:06,056:INFO: - Eval metrics : accuracy: 0.5054 ; loss: 0.6926
2022-02-03 18:37:06,376:INFO: Epoch 16/30
2022-02-03 18:40:34,678:INFO: - Train metrics: accuracy: 0.5067 ; loss: 0.6926
2022-02-03 18:41:17,247:INFO: - Eval metrics : accuracy: 0.5055 ; loss: 0.6926
2022-02-03 18:41:17,583:INFO: Epoch 17/30
2022-02-03 18:44:46,822:INFO: - Train metrics: accuracy: 0.5063 ; loss: 0.6926
2022-02-03 18:45:31,142:INFO: - Eval metrics : accuracy: 0.5054 ; loss: 0.6926
2022-02-03 18:45:31,481:INFO: Epoch 18/30
2022-02-03 18:49:00,726:INFO: - Train metrics: accuracy: 0.5062 ; loss: 0.6925
2022-02-03 18:49:45,529:INFO: - Eval metrics : accuracy: 0.5055 ; loss: 0.6926
2022-02-03 18:49:45,833:INFO: Epoch 19/30
2022-02-03 18:53:16,615:INFO: - Train metrics: accuracy: 0.5069 ; loss: 0.6925
2022-02-03 18:54:00,807:INFO: - Eval metrics : accuracy: 0.5057 ; loss: 0.6925
2022-02-03 18:54:01,131:INFO: Epoch 20/30
2022-02-03 18:57:32,174:INFO: - Train metrics: accuracy: 0.5070 ; loss: 0.6924
2022-02-03 18:58:16,409:INFO: - Eval metrics : accuracy: 0.5057 ; loss: 0.6926
2022-02-03 18:58:16,723:INFO: Epoch 21/30
2022-02-03 19:01:49,375:INFO: - Train metrics: accuracy: 0.5071 ; loss: 0.6924
2022-02-03 19:02:33,617:INFO: - Eval metrics : accuracy: 0.5056 ; loss: 0.6925
2022-02-03 19:02:33,943:INFO: Epoch 22/30
2022-02-03 19:06:06,369:INFO: - Train metrics: accuracy: 0.5076 ; loss: 0.6924
2022-02-03 19:06:50,526:INFO: - Eval metrics : accuracy: 0.5079 ; loss: 0.6925
2022-02-03 19:06:50,817:INFO: Epoch 23/30
2022-02-03 19:10:25,312:INFO: - Train metrics: accuracy: 0.5069 ; loss: 0.6923
2022-02-03 19:11:09,905:INFO: - Eval metrics : accuracy: 0.5076 ; loss: 0.6925
2022-02-03 19:11:10,221:INFO: Epoch 24/30
2022-02-03 19:14:43,199:INFO: - Train metrics: accuracy: 0.5067 ; loss: 0.6923
2022-02-03 19:15:27,999:INFO: - Eval metrics : accuracy: 0.5083 ; loss: 0.6925
2022-02-03 19:15:28,343:INFO: Epoch 25/30
2022-02-03 19:19:00,574:INFO: - Train metrics: accuracy: 0.5065 ; loss: 0.6923
2022-02-03 19:19:44,884:INFO: - Eval metrics : accuracy: 0.5084 ; loss: 0.6924
2022-02-03 19:19:45,197:INFO: Epoch 26/30
2022-02-03 19:23:21,371:INFO: - Train metrics: accuracy: 0.5071 ; loss: 0.6923
2022-02-03 19:24:04,728:INFO: - Eval metrics : accuracy: 0.5083 ; loss: 0.6924
2022-02-03 19:24:05,051:INFO: Epoch 27/30
2022-02-03 19:27:43,268:INFO: - Train metrics: accuracy: 0.5067 ; loss: 0.6923
2022-02-03 19:28:28,016:INFO: - Eval metrics : accuracy: 0.5086 ; loss: 0.6924
2022-02-03 19:28:28,349:INFO: Epoch 28/30
2022-02-03 19:32:11,634:INFO: - Train metrics: accuracy: 0.5074 ; loss: 0.6922
2022-02-03 19:32:56,598:INFO: - Eval metrics : accuracy: 0.5086 ; loss: 0.6924
2022-02-03 19:32:57,018:INFO: Epoch 29/30
2022-02-03 19:36:40,523:INFO: - Train metrics: accuracy: 0.5076 ; loss: 0.6922
2022-02-03 19:37:25,611:INFO: - Eval metrics : accuracy: 0.5087 ; loss: 0.6924
2022-02-03 19:37:26,049:INFO: Epoch 30/30
2022-02-03 19:41:10,522:INFO: - Train metrics: accuracy: 0.5077 ; loss: 0.6922
2022-02-03 19:41:55,469:INFO: - Eval metrics : accuracy: 0.5088 ; loss: 0.6924
2022-02-03 19:41:57,735:INFO: Total time (minutes) =125.37279884020488
