2022-01-18 11:18:04,515:INFO: sample_name=ginkgo
2022-01-18 11:18:04,516:INFO: --------------------------------------------------------------------------------
2022-01-18 11:18:04,516:INFO: sample_filename=ginkgo_truth_2000jets
2022-01-18 11:18:04,516:INFO: ------------------------------------------------------------
2022-01-18 11:18:04,517:INFO: Loading the datasets...
2022-01-18 11:18:05,133:INFO: - done loading the datasets
2022-01-18 11:18:05,133:INFO: ------------------------------------------------------------
2022-01-18 11:18:05,201:INFO: Total parameters of the model= 12701
2022-01-18 11:18:05,202:INFO: Total weights of the model= 12701
2022-01-18 11:18:05,202:INFO: Model= PredictFromParticleEmbeddingNiNReLU(
  (fc_u): Linear(in_features=4, out_features=20, bias=True)
  (fc_h): Linear(in_features=60, out_features=20, bias=True)
  (fc_u_inner1): Linear(in_features=4, out_features=20, bias=True)
  (fc_u_outer1): Linear(in_features=4, out_features=20, bias=True)
  (fc_u_inner): Linear(in_features=4, out_features=20, bias=True)
  (fc_u_outer): Linear(in_features=4, out_features=20, bias=True)
  (fc_N0): Linear(in_features=20, out_features=20, bias=True)
  (fc_N1): Linear(in_features=20, out_features=20, bias=True)
  (fc_N2): Linear(in_features=20, out_features=20, bias=True)
  (fc_N3): Linear(in_features=20, out_features=20, bias=True)
  (fc_N4): Linear(in_features=20, out_features=20, bias=True)
  (fc_N5): Linear(in_features=20, out_features=20, bias=True)
  (fc_N6): Linear(in_features=20, out_features=20, bias=True)
  (fc_N7): Linear(in_features=20, out_features=20, bias=True)
  (fc_N8): Linear(in_features=20, out_features=20, bias=True)
  (fc_N9): Linear(in_features=20, out_features=20, bias=True)
  (transform): GRNNTransformSimpleNiNReLU(
    (fc_u): Linear(in_features=4, out_features=20, bias=True)
    (fc_h): Linear(in_features=60, out_features=20, bias=True)
    (fc_u_inner1): Linear(in_features=4, out_features=20, bias=True)
    (fc_u_outer1): Linear(in_features=4, out_features=20, bias=True)
    (fc_u_inner): Linear(in_features=4, out_features=20, bias=True)
    (fc_u_outer): Linear(in_features=4, out_features=20, bias=True)
    (fc_N0): Linear(in_features=20, out_features=20, bias=True)
    (fc_N1): Linear(in_features=20, out_features=20, bias=True)
    (fc_N2): Linear(in_features=20, out_features=20, bias=True)
    (fc_N3): Linear(in_features=20, out_features=20, bias=True)
    (fc_N4): Linear(in_features=20, out_features=20, bias=True)
    (fc_N5): Linear(in_features=20, out_features=20, bias=True)
    (fc_N6): Linear(in_features=20, out_features=20, bias=True)
    (fc_N7): Linear(in_features=20, out_features=20, bias=True)
    (fc_N8): Linear(in_features=20, out_features=20, bias=True)
    (fc_N9): Linear(in_features=20, out_features=20, bias=True)
  )
  (fc1): Linear(in_features=20, out_features=20, bias=True)
  (fc2): Linear(in_features=20, out_features=20, bias=True)
  (fc3): Linear(in_features=20, out_features=1, bias=True)
)
2022-01-18 11:18:05,202:INFO: ------------------------------------------------------------
2022-01-18 11:18:05,202:INFO: Building optimizer...
2022-01-18 11:18:05,203:INFO: Starting training for 30 epoch(s)
2022-01-18 11:18:05,205:INFO: Epoch 1/30
2022-01-18 11:20:17,124:INFO: sample_name=ginkgo
2022-01-18 11:20:17,125:INFO: --------------------------------------------------------------------------------
2022-01-18 11:20:17,125:INFO: sample_filename=ginkgo_truth_2000jets
2022-01-18 11:20:17,125:INFO: ------------------------------------------------------------
2022-01-18 11:20:17,125:INFO: Loading the datasets...
2022-01-18 11:20:17,638:INFO: - done loading the datasets
2022-01-18 11:20:17,638:INFO: ------------------------------------------------------------
2022-01-18 11:20:17,718:INFO: Total parameters of the model= 12701
2022-01-18 11:20:17,719:INFO: Total weights of the model= 12701
2022-01-18 11:20:17,719:INFO: Model= PredictFromParticleEmbeddingNiNReLU(
  (fc_u): Linear(in_features=4, out_features=20, bias=True)
  (fc_h): Linear(in_features=60, out_features=20, bias=True)
  (fc_u_inner1): Linear(in_features=4, out_features=20, bias=True)
  (fc_u_outer1): Linear(in_features=4, out_features=20, bias=True)
  (fc_u_inner): Linear(in_features=4, out_features=20, bias=True)
  (fc_u_outer): Linear(in_features=4, out_features=20, bias=True)
  (fc_N0): Linear(in_features=20, out_features=20, bias=True)
  (fc_N1): Linear(in_features=20, out_features=20, bias=True)
  (fc_N2): Linear(in_features=20, out_features=20, bias=True)
  (fc_N3): Linear(in_features=20, out_features=20, bias=True)
  (fc_N4): Linear(in_features=20, out_features=20, bias=True)
  (fc_N5): Linear(in_features=20, out_features=20, bias=True)
  (fc_N6): Linear(in_features=20, out_features=20, bias=True)
  (fc_N7): Linear(in_features=20, out_features=20, bias=True)
  (fc_N8): Linear(in_features=20, out_features=20, bias=True)
  (fc_N9): Linear(in_features=20, out_features=20, bias=True)
  (transform): GRNNTransformSimpleNiNReLU(
    (fc_u): Linear(in_features=4, out_features=20, bias=True)
    (fc_h): Linear(in_features=60, out_features=20, bias=True)
    (fc_u_inner1): Linear(in_features=4, out_features=20, bias=True)
    (fc_u_outer1): Linear(in_features=4, out_features=20, bias=True)
    (fc_u_inner): Linear(in_features=4, out_features=20, bias=True)
    (fc_u_outer): Linear(in_features=4, out_features=20, bias=True)
    (fc_N0): Linear(in_features=20, out_features=20, bias=True)
    (fc_N1): Linear(in_features=20, out_features=20, bias=True)
    (fc_N2): Linear(in_features=20, out_features=20, bias=True)
    (fc_N3): Linear(in_features=20, out_features=20, bias=True)
    (fc_N4): Linear(in_features=20, out_features=20, bias=True)
    (fc_N5): Linear(in_features=20, out_features=20, bias=True)
    (fc_N6): Linear(in_features=20, out_features=20, bias=True)
    (fc_N7): Linear(in_features=20, out_features=20, bias=True)
    (fc_N8): Linear(in_features=20, out_features=20, bias=True)
    (fc_N9): Linear(in_features=20, out_features=20, bias=True)
  )
  (fc1): Linear(in_features=20, out_features=20, bias=True)
  (fc2): Linear(in_features=20, out_features=20, bias=True)
  (fc3): Linear(in_features=20, out_features=1, bias=True)
)
2022-01-18 11:20:17,720:INFO: ------------------------------------------------------------
2022-01-18 11:20:17,720:INFO: Building optimizer...
2022-01-18 11:20:17,722:INFO: Starting training for 30 epoch(s)
2022-01-18 11:20:17,725:INFO: Epoch 1/30
2022-01-18 11:41:31,723:INFO: sample_name=ginkgo
2022-01-18 11:41:31,725:INFO: --------------------------------------------------------------------------------
2022-01-18 11:41:31,725:INFO: sample_filename=ginkgo_truth_2000jets
2022-01-18 11:41:31,725:INFO: ------------------------------------------------------------
2022-01-18 11:41:31,725:INFO: Loading the datasets...
2022-01-18 11:41:32,142:INFO: - done loading the datasets
2022-01-18 11:41:32,142:INFO: ------------------------------------------------------------
2022-01-18 11:41:32,198:INFO: Total parameters of the model= 12701
2022-01-18 11:41:32,198:INFO: Total weights of the model= 12701
2022-01-18 11:41:32,198:INFO: Model= PredictFromParticleEmbeddingNiNReLU(
  (fc_u): Linear(in_features=4, out_features=20, bias=True)
  (fc_h): Linear(in_features=60, out_features=20, bias=True)
  (fc_u_inner1): Linear(in_features=4, out_features=20, bias=True)
  (fc_u_outer1): Linear(in_features=4, out_features=20, bias=True)
  (fc_u_inner): Linear(in_features=4, out_features=20, bias=True)
  (fc_u_outer): Linear(in_features=4, out_features=20, bias=True)
  (fc_N0): Linear(in_features=20, out_features=20, bias=True)
  (fc_N1): Linear(in_features=20, out_features=20, bias=True)
  (fc_N2): Linear(in_features=20, out_features=20, bias=True)
  (fc_N3): Linear(in_features=20, out_features=20, bias=True)
  (fc_N4): Linear(in_features=20, out_features=20, bias=True)
  (fc_N5): Linear(in_features=20, out_features=20, bias=True)
  (fc_N6): Linear(in_features=20, out_features=20, bias=True)
  (fc_N7): Linear(in_features=20, out_features=20, bias=True)
  (fc_N8): Linear(in_features=20, out_features=20, bias=True)
  (fc_N9): Linear(in_features=20, out_features=20, bias=True)
  (transform): GRNNTransformSimpleNiNReLU(
    (fc_u): Linear(in_features=4, out_features=20, bias=True)
    (fc_h): Linear(in_features=60, out_features=20, bias=True)
    (fc_u_inner1): Linear(in_features=4, out_features=20, bias=True)
    (fc_u_outer1): Linear(in_features=4, out_features=20, bias=True)
    (fc_u_inner): Linear(in_features=4, out_features=20, bias=True)
    (fc_u_outer): Linear(in_features=4, out_features=20, bias=True)
    (fc_N0): Linear(in_features=20, out_features=20, bias=True)
    (fc_N1): Linear(in_features=20, out_features=20, bias=True)
    (fc_N2): Linear(in_features=20, out_features=20, bias=True)
    (fc_N3): Linear(in_features=20, out_features=20, bias=True)
    (fc_N4): Linear(in_features=20, out_features=20, bias=True)
    (fc_N5): Linear(in_features=20, out_features=20, bias=True)
    (fc_N6): Linear(in_features=20, out_features=20, bias=True)
    (fc_N7): Linear(in_features=20, out_features=20, bias=True)
    (fc_N8): Linear(in_features=20, out_features=20, bias=True)
    (fc_N9): Linear(in_features=20, out_features=20, bias=True)
  )
  (fc1): Linear(in_features=20, out_features=20, bias=True)
  (fc2): Linear(in_features=20, out_features=20, bias=True)
  (fc3): Linear(in_features=20, out_features=1, bias=True)
)
2022-01-18 11:41:32,199:INFO: ------------------------------------------------------------
2022-01-18 11:41:32,199:INFO: Building optimizer...
2022-01-18 11:41:32,200:INFO: Starting training for 30 epoch(s)
2022-01-18 11:41:32,202:INFO: Epoch 1/30
2022-01-18 11:41:32,202:INFO: Watching
2022-01-18 11:43:03,165:INFO: sample_name=ginkgo
2022-01-18 11:43:03,166:INFO: --------------------------------------------------------------------------------
2022-01-18 11:43:03,166:INFO: sample_filename=ginkgo_truth_2000jets
2022-01-18 11:43:03,166:INFO: ------------------------------------------------------------
2022-01-18 11:43:03,167:INFO: Loading the datasets...
2022-01-18 11:43:03,614:INFO: - done loading the datasets
2022-01-18 11:43:03,614:INFO: ------------------------------------------------------------
2022-01-18 11:43:03,683:INFO: Total parameters of the model= 12701
2022-01-18 11:43:03,683:INFO: Total weights of the model= 12701
2022-01-18 11:43:03,684:INFO: Model= PredictFromParticleEmbeddingNiNReLU(
  (fc_u): Linear(in_features=4, out_features=20, bias=True)
  (fc_h): Linear(in_features=60, out_features=20, bias=True)
  (fc_u_inner1): Linear(in_features=4, out_features=20, bias=True)
  (fc_u_outer1): Linear(in_features=4, out_features=20, bias=True)
  (fc_u_inner): Linear(in_features=4, out_features=20, bias=True)
  (fc_u_outer): Linear(in_features=4, out_features=20, bias=True)
  (fc_N0): Linear(in_features=20, out_features=20, bias=True)
  (fc_N1): Linear(in_features=20, out_features=20, bias=True)
  (fc_N2): Linear(in_features=20, out_features=20, bias=True)
  (fc_N3): Linear(in_features=20, out_features=20, bias=True)
  (fc_N4): Linear(in_features=20, out_features=20, bias=True)
  (fc_N5): Linear(in_features=20, out_features=20, bias=True)
  (fc_N6): Linear(in_features=20, out_features=20, bias=True)
  (fc_N7): Linear(in_features=20, out_features=20, bias=True)
  (fc_N8): Linear(in_features=20, out_features=20, bias=True)
  (fc_N9): Linear(in_features=20, out_features=20, bias=True)
  (transform): GRNNTransformSimpleNiNReLU(
    (fc_u): Linear(in_features=4, out_features=20, bias=True)
    (fc_h): Linear(in_features=60, out_features=20, bias=True)
    (fc_u_inner1): Linear(in_features=4, out_features=20, bias=True)
    (fc_u_outer1): Linear(in_features=4, out_features=20, bias=True)
    (fc_u_inner): Linear(in_features=4, out_features=20, bias=True)
    (fc_u_outer): Linear(in_features=4, out_features=20, bias=True)
    (fc_N0): Linear(in_features=20, out_features=20, bias=True)
    (fc_N1): Linear(in_features=20, out_features=20, bias=True)
    (fc_N2): Linear(in_features=20, out_features=20, bias=True)
    (fc_N3): Linear(in_features=20, out_features=20, bias=True)
    (fc_N4): Linear(in_features=20, out_features=20, bias=True)
    (fc_N5): Linear(in_features=20, out_features=20, bias=True)
    (fc_N6): Linear(in_features=20, out_features=20, bias=True)
    (fc_N7): Linear(in_features=20, out_features=20, bias=True)
    (fc_N8): Linear(in_features=20, out_features=20, bias=True)
    (fc_N9): Linear(in_features=20, out_features=20, bias=True)
  )
  (fc1): Linear(in_features=20, out_features=20, bias=True)
  (fc2): Linear(in_features=20, out_features=20, bias=True)
  (fc3): Linear(in_features=20, out_features=1, bias=True)
)
2022-01-18 11:43:03,684:INFO: ------------------------------------------------------------
2022-01-18 11:43:03,684:INFO: Building optimizer...
2022-01-18 11:43:03,686:INFO: Starting training for 30 epoch(s)
2022-01-18 11:43:03,690:INFO: Epoch 1/30
2022-01-18 11:46:37,838:INFO: sample_name=ginkgo
2022-01-18 11:46:37,838:INFO: --------------------------------------------------------------------------------
2022-01-18 11:46:37,838:INFO: sample_filename=ginkgo_truth_2000jets
2022-01-18 11:46:37,839:INFO: ------------------------------------------------------------
2022-01-18 11:46:37,839:INFO: Loading the datasets...
2022-01-18 11:46:38,286:INFO: - done loading the datasets
2022-01-18 11:46:38,287:INFO: ------------------------------------------------------------
2022-01-18 11:46:38,354:INFO: Total parameters of the model= 12701
2022-01-18 11:46:38,354:INFO: Total weights of the model= 12701
2022-01-18 11:46:38,354:INFO: Model= PredictFromParticleEmbeddingNiNReLU(
  (fc_u): Linear(in_features=4, out_features=20, bias=True)
  (fc_h): Linear(in_features=60, out_features=20, bias=True)
  (fc_u_inner1): Linear(in_features=4, out_features=20, bias=True)
  (fc_u_outer1): Linear(in_features=4, out_features=20, bias=True)
  (fc_u_inner): Linear(in_features=4, out_features=20, bias=True)
  (fc_u_outer): Linear(in_features=4, out_features=20, bias=True)
  (fc_N0): Linear(in_features=20, out_features=20, bias=True)
  (fc_N1): Linear(in_features=20, out_features=20, bias=True)
  (fc_N2): Linear(in_features=20, out_features=20, bias=True)
  (fc_N3): Linear(in_features=20, out_features=20, bias=True)
  (fc_N4): Linear(in_features=20, out_features=20, bias=True)
  (fc_N5): Linear(in_features=20, out_features=20, bias=True)
  (fc_N6): Linear(in_features=20, out_features=20, bias=True)
  (fc_N7): Linear(in_features=20, out_features=20, bias=True)
  (fc_N8): Linear(in_features=20, out_features=20, bias=True)
  (fc_N9): Linear(in_features=20, out_features=20, bias=True)
  (transform): GRNNTransformSimpleNiNReLU(
    (fc_u): Linear(in_features=4, out_features=20, bias=True)
    (fc_h): Linear(in_features=60, out_features=20, bias=True)
    (fc_u_inner1): Linear(in_features=4, out_features=20, bias=True)
    (fc_u_outer1): Linear(in_features=4, out_features=20, bias=True)
    (fc_u_inner): Linear(in_features=4, out_features=20, bias=True)
    (fc_u_outer): Linear(in_features=4, out_features=20, bias=True)
    (fc_N0): Linear(in_features=20, out_features=20, bias=True)
    (fc_N1): Linear(in_features=20, out_features=20, bias=True)
    (fc_N2): Linear(in_features=20, out_features=20, bias=True)
    (fc_N3): Linear(in_features=20, out_features=20, bias=True)
    (fc_N4): Linear(in_features=20, out_features=20, bias=True)
    (fc_N5): Linear(in_features=20, out_features=20, bias=True)
    (fc_N6): Linear(in_features=20, out_features=20, bias=True)
    (fc_N7): Linear(in_features=20, out_features=20, bias=True)
    (fc_N8): Linear(in_features=20, out_features=20, bias=True)
    (fc_N9): Linear(in_features=20, out_features=20, bias=True)
  )
  (fc1): Linear(in_features=20, out_features=20, bias=True)
  (fc2): Linear(in_features=20, out_features=20, bias=True)
  (fc3): Linear(in_features=20, out_features=1, bias=True)
)
2022-01-18 11:46:38,354:INFO: ------------------------------------------------------------
2022-01-18 11:46:38,354:INFO: Building optimizer...
2022-01-18 11:46:38,355:INFO: Starting training for 30 epoch(s)
2022-01-18 11:46:38,357:INFO: Epoch 1/30
2022-01-18 11:51:23,516:INFO: sample_name=ginkgo
2022-01-18 11:51:23,517:INFO: --------------------------------------------------------------------------------
2022-01-18 11:51:23,517:INFO: sample_filename=ginkgo_truth_2000jets
2022-01-18 11:51:23,517:INFO: ------------------------------------------------------------
2022-01-18 11:51:23,518:INFO: Loading the datasets...
2022-01-18 11:51:23,958:INFO: - done loading the datasets
2022-01-18 11:51:23,958:INFO: ------------------------------------------------------------
2022-01-18 11:51:24,046:INFO: Total parameters of the model= 12701
2022-01-18 11:51:24,046:INFO: Total weights of the model= 12701
2022-01-18 11:51:24,047:INFO: Model= PredictFromParticleEmbeddingNiNReLU(
  (fc_u): Linear(in_features=4, out_features=20, bias=True)
  (fc_h): Linear(in_features=60, out_features=20, bias=True)
  (fc_u_inner1): Linear(in_features=4, out_features=20, bias=True)
  (fc_u_outer1): Linear(in_features=4, out_features=20, bias=True)
  (fc_u_inner): Linear(in_features=4, out_features=20, bias=True)
  (fc_u_outer): Linear(in_features=4, out_features=20, bias=True)
  (fc_N0): Linear(in_features=20, out_features=20, bias=True)
  (fc_N1): Linear(in_features=20, out_features=20, bias=True)
  (fc_N2): Linear(in_features=20, out_features=20, bias=True)
  (fc_N3): Linear(in_features=20, out_features=20, bias=True)
  (fc_N4): Linear(in_features=20, out_features=20, bias=True)
  (fc_N5): Linear(in_features=20, out_features=20, bias=True)
  (fc_N6): Linear(in_features=20, out_features=20, bias=True)
  (fc_N7): Linear(in_features=20, out_features=20, bias=True)
  (fc_N8): Linear(in_features=20, out_features=20, bias=True)
  (fc_N9): Linear(in_features=20, out_features=20, bias=True)
  (transform): GRNNTransformSimpleNiNReLU(
    (fc_u): Linear(in_features=4, out_features=20, bias=True)
    (fc_h): Linear(in_features=60, out_features=20, bias=True)
    (fc_u_inner1): Linear(in_features=4, out_features=20, bias=True)
    (fc_u_outer1): Linear(in_features=4, out_features=20, bias=True)
    (fc_u_inner): Linear(in_features=4, out_features=20, bias=True)
    (fc_u_outer): Linear(in_features=4, out_features=20, bias=True)
    (fc_N0): Linear(in_features=20, out_features=20, bias=True)
    (fc_N1): Linear(in_features=20, out_features=20, bias=True)
    (fc_N2): Linear(in_features=20, out_features=20, bias=True)
    (fc_N3): Linear(in_features=20, out_features=20, bias=True)
    (fc_N4): Linear(in_features=20, out_features=20, bias=True)
    (fc_N5): Linear(in_features=20, out_features=20, bias=True)
    (fc_N6): Linear(in_features=20, out_features=20, bias=True)
    (fc_N7): Linear(in_features=20, out_features=20, bias=True)
    (fc_N8): Linear(in_features=20, out_features=20, bias=True)
    (fc_N9): Linear(in_features=20, out_features=20, bias=True)
  )
  (fc1): Linear(in_features=20, out_features=20, bias=True)
  (fc2): Linear(in_features=20, out_features=20, bias=True)
  (fc3): Linear(in_features=20, out_features=1, bias=True)
)
2022-01-18 11:51:24,047:INFO: ------------------------------------------------------------
2022-01-18 11:51:24,047:INFO: Building optimizer...
2022-01-18 11:51:24,048:INFO: Starting training for 30 epoch(s)
2022-01-18 11:51:24,051:INFO: Epoch 1/30
2022-01-18 11:51:46,584:INFO: - Train metrics: accuracy: 0.5197 ; loss: 0.7128
2022-01-18 11:52:01,775:INFO: - Eval metrics : accuracy: 0.5000 ; loss: 0.7016
2022-01-18 11:52:03,370:INFO: - Found new best bg rejection = 3.4210526315789473
2022-01-18 11:52:03,372:INFO: Epoch 2/30
2022-01-18 11:52:26,976:INFO: - Train metrics: accuracy: 0.5428 ; loss: 0.6892
2022-01-18 11:52:45,311:INFO: - Eval metrics : accuracy: 0.4974 ; loss: 0.6953
2022-01-18 11:52:46,385:INFO: Epoch 3/30
2022-01-18 11:53:13,004:INFO: - Train metrics: accuracy: 0.5345 ; loss: 0.6906
2022-01-18 11:53:29,384:INFO: - Eval metrics : accuracy: 0.5052 ; loss: 0.6986
2022-01-18 11:53:30,493:INFO: - Found new best bg rejection = 3.9000000000000004
2022-01-18 11:53:30,495:INFO: Epoch 4/30
2022-01-18 11:53:49,087:INFO: - Train metrics: accuracy: 0.5740 ; loss: 0.6856
2022-01-18 11:54:02,875:INFO: - Eval metrics : accuracy: 0.5078 ; loss: 0.6953
2022-01-18 11:54:03,908:INFO: Epoch 5/30
2022-01-18 11:54:24,736:INFO: - Train metrics: accuracy: 0.5822 ; loss: 0.6860
2022-01-18 11:54:38,227:INFO: - Eval metrics : accuracy: 0.5208 ; loss: 0.6961
2022-01-18 11:54:39,215:INFO: Epoch 6/30
2022-01-18 11:54:58,381:INFO: - Train metrics: accuracy: 0.5822 ; loss: 0.6847
2022-01-18 11:55:11,393:INFO: - Eval metrics : accuracy: 0.5130 ; loss: 0.6969
2022-01-18 11:55:12,420:INFO: Epoch 7/30
2022-01-18 11:55:28,267:INFO: - Train metrics: accuracy: 0.5855 ; loss: 0.6835
2022-01-18 11:55:41,737:INFO: - Eval metrics : accuracy: 0.5260 ; loss: 0.6963
2022-01-18 11:55:42,706:INFO: Epoch 8/30
2022-01-18 11:55:58,227:INFO: - Train metrics: accuracy: 0.5921 ; loss: 0.6817
2022-01-18 11:56:15,910:INFO: - Eval metrics : accuracy: 0.5182 ; loss: 0.6965
2022-01-18 11:56:17,094:INFO: Epoch 9/30
2022-01-18 11:56:34,206:INFO: - Train metrics: accuracy: 0.5987 ; loss: 0.6809
2022-01-18 11:56:49,655:INFO: - Eval metrics : accuracy: 0.5130 ; loss: 0.6959
2022-01-18 11:56:50,747:INFO: Epoch 10/30
2022-01-18 11:57:06,871:INFO: - Train metrics: accuracy: 0.6036 ; loss: 0.6791
2022-01-18 11:57:19,949:INFO: - Eval metrics : accuracy: 0.5130 ; loss: 0.6959
2022-01-18 11:57:20,917:INFO: Epoch 11/30
2022-01-18 11:57:38,307:INFO: - Train metrics: accuracy: 0.5954 ; loss: 0.6777
2022-01-18 11:57:54,211:INFO: - Eval metrics : accuracy: 0.5208 ; loss: 0.6954
2022-01-18 11:57:55,508:INFO: Epoch 12/30
2022-01-18 11:58:14,754:INFO: - Train metrics: accuracy: 0.6036 ; loss: 0.6766
2022-01-18 11:58:26,967:INFO: - Eval metrics : accuracy: 0.5182 ; loss: 0.6952
2022-01-18 11:58:28,045:INFO: Epoch 13/30
2022-01-18 11:58:42,889:INFO: - Train metrics: accuracy: 0.6086 ; loss: 0.6759
2022-01-18 11:58:55,218:INFO: - Eval metrics : accuracy: 0.5156 ; loss: 0.6952
2022-01-18 11:58:56,135:INFO: Epoch 14/30
2022-01-18 11:59:12,418:INFO: - Train metrics: accuracy: 0.6118 ; loss: 0.6748
2022-01-18 11:59:25,174:INFO: - Eval metrics : accuracy: 0.5104 ; loss: 0.6957
2022-01-18 11:59:26,039:INFO: Epoch 15/30
2022-01-18 11:59:42,185:INFO: - Train metrics: accuracy: 0.6069 ; loss: 0.6737
2022-01-18 11:59:54,347:INFO: - Eval metrics : accuracy: 0.5104 ; loss: 0.6960
2022-01-18 11:59:55,302:INFO: Epoch 16/30
2022-01-18 12:00:10,851:INFO: - Train metrics: accuracy: 0.6020 ; loss: 0.6729
2022-01-18 12:00:22,935:INFO: - Eval metrics : accuracy: 0.5156 ; loss: 0.6961
2022-01-18 12:00:23,948:INFO: Epoch 17/30
2022-01-18 12:00:38,639:INFO: - Train metrics: accuracy: 0.6053 ; loss: 0.6717
2022-01-18 12:00:50,831:INFO: - Eval metrics : accuracy: 0.5156 ; loss: 0.6965
2022-01-18 12:00:51,812:INFO: Epoch 18/30
2022-01-18 12:01:07,348:INFO: - Train metrics: accuracy: 0.6118 ; loss: 0.6710
2022-01-18 12:01:19,009:INFO: - Eval metrics : accuracy: 0.5156 ; loss: 0.6964
2022-01-18 12:01:20,198:INFO: Epoch 19/30
2022-01-18 12:01:37,057:INFO: - Train metrics: accuracy: 0.6135 ; loss: 0.6703
2022-01-18 12:01:49,538:INFO: - Eval metrics : accuracy: 0.5182 ; loss: 0.6965
2022-01-18 12:01:50,473:INFO: Epoch 20/30
2022-01-18 12:02:09,960:INFO: - Train metrics: accuracy: 0.6118 ; loss: 0.6696
2022-01-18 12:02:22,984:INFO: - Eval metrics : accuracy: 0.5234 ; loss: 0.6962
2022-01-18 12:02:23,880:INFO: Epoch 21/30
2022-01-18 12:17:55,461:INFO: sample_name=ginkgo
2022-01-18 12:17:55,462:INFO: --------------------------------------------------------------------------------
2022-01-18 12:17:55,462:INFO: sample_filename=ginkgo_truth_2000jets
2022-01-18 12:17:55,462:INFO: ------------------------------------------------------------
2022-01-18 12:17:55,463:INFO: Loading the datasets...
2022-01-18 12:17:55,940:INFO: - done loading the datasets
2022-01-18 12:17:55,941:INFO: ------------------------------------------------------------
2022-01-18 12:17:56,033:INFO: Total parameters of the model= 12701
2022-01-18 12:17:56,033:INFO: Total weights of the model= 12701
2022-01-18 12:17:56,033:INFO: Model= PredictFromParticleEmbeddingNiNReLU(
  (fc_u): Linear(in_features=4, out_features=20, bias=True)
  (fc_h): Linear(in_features=60, out_features=20, bias=True)
  (fc_u_inner1): Linear(in_features=4, out_features=20, bias=True)
  (fc_u_outer1): Linear(in_features=4, out_features=20, bias=True)
  (fc_u_inner): Linear(in_features=4, out_features=20, bias=True)
  (fc_u_outer): Linear(in_features=4, out_features=20, bias=True)
  (fc_N0): Linear(in_features=20, out_features=20, bias=True)
  (fc_N1): Linear(in_features=20, out_features=20, bias=True)
  (fc_N2): Linear(in_features=20, out_features=20, bias=True)
  (fc_N3): Linear(in_features=20, out_features=20, bias=True)
  (fc_N4): Linear(in_features=20, out_features=20, bias=True)
  (fc_N5): Linear(in_features=20, out_features=20, bias=True)
  (fc_N6): Linear(in_features=20, out_features=20, bias=True)
  (fc_N7): Linear(in_features=20, out_features=20, bias=True)
  (fc_N8): Linear(in_features=20, out_features=20, bias=True)
  (fc_N9): Linear(in_features=20, out_features=20, bias=True)
  (transform): GRNNTransformSimpleNiNReLU(
    (fc_u): Linear(in_features=4, out_features=20, bias=True)
    (fc_h): Linear(in_features=60, out_features=20, bias=True)
    (fc_u_inner1): Linear(in_features=4, out_features=20, bias=True)
    (fc_u_outer1): Linear(in_features=4, out_features=20, bias=True)
    (fc_u_inner): Linear(in_features=4, out_features=20, bias=True)
    (fc_u_outer): Linear(in_features=4, out_features=20, bias=True)
    (fc_N0): Linear(in_features=20, out_features=20, bias=True)
    (fc_N1): Linear(in_features=20, out_features=20, bias=True)
    (fc_N2): Linear(in_features=20, out_features=20, bias=True)
    (fc_N3): Linear(in_features=20, out_features=20, bias=True)
    (fc_N4): Linear(in_features=20, out_features=20, bias=True)
    (fc_N5): Linear(in_features=20, out_features=20, bias=True)
    (fc_N6): Linear(in_features=20, out_features=20, bias=True)
    (fc_N7): Linear(in_features=20, out_features=20, bias=True)
    (fc_N8): Linear(in_features=20, out_features=20, bias=True)
    (fc_N9): Linear(in_features=20, out_features=20, bias=True)
  )
  (fc1): Linear(in_features=20, out_features=20, bias=True)
  (fc2): Linear(in_features=20, out_features=20, bias=True)
  (fc3): Linear(in_features=20, out_features=1, bias=True)
)
2022-01-18 12:17:56,033:INFO: ------------------------------------------------------------
2022-01-18 12:17:56,033:INFO: Building optimizer...
2022-01-18 12:17:56,035:INFO: Starting training for 30 epoch(s)
2022-01-18 12:17:56,038:INFO: Epoch 1/30
2022-01-18 12:18:25,284:INFO: - Train metrics: accuracy: 0.5000 ; loss: 0.7462
2022-01-18 12:20:41,248:INFO: sample_name=ginkgo
2022-01-18 12:20:41,248:INFO: --------------------------------------------------------------------------------
2022-01-18 12:20:41,248:INFO: sample_filename=ginkgo_truth_2000jets
2022-01-18 12:20:41,249:INFO: ------------------------------------------------------------
2022-01-18 12:20:41,249:INFO: Loading the datasets...
2022-01-18 12:20:41,654:INFO: - done loading the datasets
2022-01-18 12:20:41,654:INFO: ------------------------------------------------------------
2022-01-18 12:20:41,686:INFO: Total parameters of the model= 12701
2022-01-18 12:20:41,686:INFO: Total weights of the model= 12701
2022-01-18 12:20:41,686:INFO: Model= PredictFromParticleEmbeddingNiNReLU(
  (fc_u): Linear(in_features=4, out_features=20, bias=True)
  (fc_h): Linear(in_features=60, out_features=20, bias=True)
  (fc_u_inner1): Linear(in_features=4, out_features=20, bias=True)
  (fc_u_outer1): Linear(in_features=4, out_features=20, bias=True)
  (fc_u_inner): Linear(in_features=4, out_features=20, bias=True)
  (fc_u_outer): Linear(in_features=4, out_features=20, bias=True)
  (fc_N0): Linear(in_features=20, out_features=20, bias=True)
  (fc_N1): Linear(in_features=20, out_features=20, bias=True)
  (fc_N2): Linear(in_features=20, out_features=20, bias=True)
  (fc_N3): Linear(in_features=20, out_features=20, bias=True)
  (fc_N4): Linear(in_features=20, out_features=20, bias=True)
  (fc_N5): Linear(in_features=20, out_features=20, bias=True)
  (fc_N6): Linear(in_features=20, out_features=20, bias=True)
  (fc_N7): Linear(in_features=20, out_features=20, bias=True)
  (fc_N8): Linear(in_features=20, out_features=20, bias=True)
  (fc_N9): Linear(in_features=20, out_features=20, bias=True)
  (transform): GRNNTransformSimpleNiNReLU(
    (fc_u): Linear(in_features=4, out_features=20, bias=True)
    (fc_h): Linear(in_features=60, out_features=20, bias=True)
    (fc_u_inner1): Linear(in_features=4, out_features=20, bias=True)
    (fc_u_outer1): Linear(in_features=4, out_features=20, bias=True)
    (fc_u_inner): Linear(in_features=4, out_features=20, bias=True)
    (fc_u_outer): Linear(in_features=4, out_features=20, bias=True)
    (fc_N0): Linear(in_features=20, out_features=20, bias=True)
    (fc_N1): Linear(in_features=20, out_features=20, bias=True)
    (fc_N2): Linear(in_features=20, out_features=20, bias=True)
    (fc_N3): Linear(in_features=20, out_features=20, bias=True)
    (fc_N4): Linear(in_features=20, out_features=20, bias=True)
    (fc_N5): Linear(in_features=20, out_features=20, bias=True)
    (fc_N6): Linear(in_features=20, out_features=20, bias=True)
    (fc_N7): Linear(in_features=20, out_features=20, bias=True)
    (fc_N8): Linear(in_features=20, out_features=20, bias=True)
    (fc_N9): Linear(in_features=20, out_features=20, bias=True)
  )
  (fc1): Linear(in_features=20, out_features=20, bias=True)
  (fc2): Linear(in_features=20, out_features=20, bias=True)
  (fc3): Linear(in_features=20, out_features=1, bias=True)
)
2022-01-18 12:20:41,687:INFO: ------------------------------------------------------------
2022-01-18 12:20:41,687:INFO: Building optimizer...
2022-01-18 12:20:41,687:INFO: Starting training for 30 epoch(s)
2022-01-18 12:20:41,690:INFO: Epoch 1/30
2022-01-18 12:21:08,731:INFO: - Train metrics: accuracy: 0.4951 ; loss: 0.7011
2022-01-18 12:21:24,356:INFO: - Eval metrics : accuracy: 0.4922 ; loss: 0.7042
2022-01-18 12:21:25,568:INFO: - Found new best bg rejection = 3.25
2022-01-18 12:21:25,577:INFO: Epoch 2/30
2022-01-18 12:21:43,343:INFO: - Train metrics: accuracy: 0.5214 ; loss: 0.6944
2022-01-18 12:21:57,257:INFO: - Eval metrics : accuracy: 0.4974 ; loss: 0.7021
2022-01-18 12:21:58,379:INFO: - Found new best bg rejection = 3.3620689655172415
2022-01-18 12:21:58,380:INFO: Epoch 3/30
2022-01-18 12:22:15,686:INFO: - Train metrics: accuracy: 0.5312 ; loss: 0.6912
2022-01-18 12:22:29,345:INFO: - Eval metrics : accuracy: 0.5026 ; loss: 0.6979
2022-01-18 12:22:30,443:INFO: - Found new best bg rejection = 3.8235294117647056
2022-01-18 12:22:30,445:INFO: Epoch 4/30
2022-01-18 12:22:48,561:INFO: - Train metrics: accuracy: 0.5428 ; loss: 0.6883
2022-01-18 12:23:01,882:INFO: - Eval metrics : accuracy: 0.4870 ; loss: 0.6975
2022-01-18 12:23:02,833:INFO: Epoch 5/30
2022-01-18 12:23:19,480:INFO: - Train metrics: accuracy: 0.5576 ; loss: 0.6865
2022-01-18 12:23:33,360:INFO: - Eval metrics : accuracy: 0.4818 ; loss: 0.6970
2022-01-18 12:23:34,479:INFO: - Found new best bg rejection = 3.979591836734694
2022-01-18 12:23:34,481:INFO: Epoch 6/30
2022-01-18 12:23:52,895:INFO: - Train metrics: accuracy: 0.5724 ; loss: 0.6827
2022-01-18 12:24:06,460:INFO: - Eval metrics : accuracy: 0.4974 ; loss: 0.6964
2022-01-18 12:24:07,512:INFO: Epoch 7/30
2022-01-18 12:24:25,987:INFO: - Train metrics: accuracy: 0.5806 ; loss: 0.6790
2022-01-18 12:24:38,919:INFO: - Eval metrics : accuracy: 0.4974 ; loss: 0.6965
2022-01-18 12:24:39,809:INFO: - Found new best bg rejection = 3.979591836734694
2022-01-18 12:24:39,810:INFO: Epoch 8/30
2022-01-18 12:25:04,921:INFO: - Train metrics: accuracy: 0.5789 ; loss: 0.6768
2022-01-18 12:25:35,272:INFO: - Eval metrics : accuracy: 0.5078 ; loss: 0.6971
2022-01-18 12:25:36,541:INFO: - Found new best bg rejection = 4.0625
2022-01-18 12:25:36,542:INFO: Epoch 9/30
2022-01-18 12:26:13,935:INFO: - Train metrics: accuracy: 0.5757 ; loss: 0.6748
2022-01-18 12:26:39,447:INFO: - Eval metrics : accuracy: 0.5052 ; loss: 0.6978
2022-01-18 12:26:41,684:INFO: Epoch 10/30
2022-01-18 12:27:12,151:INFO: - Train metrics: accuracy: 0.5839 ; loss: 0.6730
2022-01-18 12:27:36,816:INFO: - Eval metrics : accuracy: 0.5208 ; loss: 0.6980
2022-01-18 12:27:38,980:INFO: Epoch 11/30
2022-01-18 12:28:08,056:INFO: - Train metrics: accuracy: 0.5806 ; loss: 0.6704
2022-01-18 12:28:26,480:INFO: - Eval metrics : accuracy: 0.5286 ; loss: 0.6987
2022-01-18 12:28:27,566:INFO: - Found new best bg rejection = 4.0625
2022-01-18 12:28:27,570:INFO: Epoch 12/30
2022-01-18 12:28:47,840:INFO: - Train metrics: accuracy: 0.5905 ; loss: 0.6675
2022-01-18 12:29:05,675:INFO: - Eval metrics : accuracy: 0.5286 ; loss: 0.7001
2022-01-18 12:29:06,778:INFO: Epoch 13/30
2022-01-18 12:29:25,122:INFO: - Train metrics: accuracy: 0.5954 ; loss: 0.6652
2022-01-18 12:29:40,983:INFO: - Eval metrics : accuracy: 0.5234 ; loss: 0.7014
2022-01-18 12:29:42,313:INFO: - Found new best bg rejection = 4.0625
2022-01-18 12:29:42,315:INFO: Epoch 14/30
2022-01-18 12:30:01,733:INFO: - Train metrics: accuracy: 0.5987 ; loss: 0.6632
2022-01-18 12:30:19,866:INFO: - Eval metrics : accuracy: 0.5156 ; loss: 0.7019
2022-01-18 12:30:21,988:INFO: - Found new best bg rejection = 4.0625
2022-01-18 12:30:21,990:INFO: Epoch 15/30
2022-01-18 12:30:43,350:INFO: - Train metrics: accuracy: 0.5970 ; loss: 0.6610
2022-01-18 12:30:56,061:INFO: - Eval metrics : accuracy: 0.5182 ; loss: 0.7032
2022-01-18 12:30:57,128:INFO: - Found new best bg rejection = 4.0625
2022-01-18 12:30:57,130:INFO: Epoch 16/30
2022-01-18 12:31:15,775:INFO: - Train metrics: accuracy: 0.6086 ; loss: 0.6587
2022-01-18 12:31:30,732:INFO: - Eval metrics : accuracy: 0.5234 ; loss: 0.7038
2022-01-18 12:31:31,686:INFO: - Found new best bg rejection = 4.148936170212766
2022-01-18 12:31:31,688:INFO: Epoch 17/30
2022-01-18 12:31:52,236:INFO: - Train metrics: accuracy: 0.6151 ; loss: 0.6575
2022-01-18 12:32:07,192:INFO: - Eval metrics : accuracy: 0.5156 ; loss: 0.7047
2022-01-18 12:32:08,408:INFO: Epoch 18/30
2022-01-18 12:32:27,947:INFO: - Train metrics: accuracy: 0.6184 ; loss: 0.6558
2022-01-18 12:32:45,506:INFO: - Eval metrics : accuracy: 0.5182 ; loss: 0.7055
2022-01-18 12:32:46,632:INFO: - Found new best bg rejection = 4.333333333333333
2022-01-18 12:32:46,633:INFO: Epoch 19/30
2022-01-18 12:33:03,346:INFO: - Train metrics: accuracy: 0.6266 ; loss: 0.6542
2022-01-18 12:33:16,952:INFO: - Eval metrics : accuracy: 0.5312 ; loss: 0.7062
2022-01-18 12:33:17,935:INFO: Epoch 20/30
2022-01-18 12:33:34,440:INFO: - Train metrics: accuracy: 0.6217 ; loss: 0.6527
2022-01-18 12:33:47,305:INFO: - Eval metrics : accuracy: 0.5286 ; loss: 0.7068
2022-01-18 12:33:48,269:INFO: Epoch 21/30
2022-01-18 12:34:07,928:INFO: - Train metrics: accuracy: 0.6283 ; loss: 0.6515
2022-01-18 12:34:23,111:INFO: - Eval metrics : accuracy: 0.5339 ; loss: 0.7074
2022-01-18 12:34:24,346:INFO: Epoch 22/30
2022-01-18 12:34:44,210:INFO: - Train metrics: accuracy: 0.6299 ; loss: 0.6505
2022-01-18 12:34:55,775:INFO: - Eval metrics : accuracy: 0.5365 ; loss: 0.7080
2022-01-18 12:34:56,660:INFO: Epoch 23/30
2022-01-18 12:35:13,395:INFO: - Train metrics: accuracy: 0.6299 ; loss: 0.6494
2022-01-18 12:35:31,198:INFO: - Eval metrics : accuracy: 0.5365 ; loss: 0.7081
2022-01-18 12:35:32,167:INFO: - Found new best bg rejection = 4.333333333333333
2022-01-18 12:35:32,171:INFO: Epoch 24/30
2022-01-18 12:35:49,726:INFO: - Train metrics: accuracy: 0.6316 ; loss: 0.6486
2022-01-18 12:36:02,630:INFO: - Eval metrics : accuracy: 0.5339 ; loss: 0.7089
2022-01-18 12:36:03,629:INFO: Epoch 25/30
2022-01-18 12:36:20,011:INFO: - Train metrics: accuracy: 0.6316 ; loss: 0.6478
2022-01-18 12:36:32,612:INFO: - Eval metrics : accuracy: 0.5312 ; loss: 0.7093
2022-01-18 12:36:33,538:INFO: - Found new best bg rejection = 4.333333333333333
2022-01-18 12:36:33,539:INFO: Epoch 26/30
2022-01-18 12:36:49,585:INFO: - Train metrics: accuracy: 0.6349 ; loss: 0.6471
2022-01-18 12:37:02,338:INFO: - Eval metrics : accuracy: 0.5339 ; loss: 0.7096
2022-01-18 12:37:03,362:INFO: - Found new best bg rejection = 4.333333333333333
2022-01-18 12:37:03,365:INFO: Epoch 27/30
2022-01-18 12:37:20,221:INFO: - Train metrics: accuracy: 0.6316 ; loss: 0.6464
2022-01-18 12:37:33,278:INFO: - Eval metrics : accuracy: 0.5286 ; loss: 0.7100
2022-01-18 12:37:34,729:INFO: - Found new best bg rejection = 4.333333333333333
2022-01-18 12:37:34,732:INFO: Epoch 28/30
2022-01-18 12:37:51,351:INFO: - Train metrics: accuracy: 0.6316 ; loss: 0.6459
2022-01-18 12:38:03,799:INFO: - Eval metrics : accuracy: 0.5286 ; loss: 0.7102
2022-01-18 12:38:04,870:INFO: - Found new best bg rejection = 4.333333333333333
2022-01-18 12:38:04,872:INFO: Epoch 29/30
2022-01-18 12:38:20,095:INFO: - Train metrics: accuracy: 0.6283 ; loss: 0.6455
2022-01-18 12:38:37,265:INFO: - Eval metrics : accuracy: 0.5312 ; loss: 0.7104
2022-01-18 12:38:38,185:INFO: - Found new best bg rejection = 4.333333333333333
2022-01-18 12:38:38,187:INFO: Epoch 30/30
2022-01-18 12:38:56,401:INFO: - Train metrics: accuracy: 0.6266 ; loss: 0.6451
2022-01-18 12:39:13,372:INFO: - Eval metrics : accuracy: 0.5312 ; loss: 0.7106
2022-01-18 12:39:14,387:INFO: - Found new best bg rejection = 4.333333333333333
2022-01-18 12:39:14,512:INFO: Total time (minutes) =18.554393299420674
