2022-02-03 19:42:55,741:INFO: sample_name=ginkgo
2022-02-03 19:42:55,742:INFO: --------------------------------------------------------------------------------
2022-02-03 19:42:55,742:INFO: sample_filename=ginkgo_antikt_1020000jets
2022-02-03 19:42:55,742:INFO: ------------------------------------------------------------
2022-02-03 19:42:55,742:INFO: Loading the datasets...
2022-02-03 19:42:59,761:INFO: - done loading the datasets
2022-02-03 19:42:59,761:INFO: ------------------------------------------------------------
2022-02-03 19:42:59,962:INFO: Total parameters of the model= 185201
2022-02-03 19:42:59,962:INFO: Total weights of the model= 185201
2022-02-03 19:42:59,962:INFO: Model= PredictFromParticleEmbeddingNiNReLU(
  (fc_u): Linear(in_features=4, out_features=80, bias=True)
  (fc_h): Linear(in_features=240, out_features=80, bias=True)
  (fc_u_inner1): Linear(in_features=4, out_features=80, bias=True)
  (fc_u_outer1): Linear(in_features=4, out_features=80, bias=True)
  (fc_u_inner): Linear(in_features=4, out_features=80, bias=True)
  (fc_u_outer): Linear(in_features=4, out_features=80, bias=True)
  (fc_N0): Linear(in_features=80, out_features=80, bias=True)
  (fc_N1): Linear(in_features=80, out_features=80, bias=True)
  (fc_N2): Linear(in_features=80, out_features=80, bias=True)
  (fc_N3): Linear(in_features=80, out_features=80, bias=True)
  (fc_N4): Linear(in_features=80, out_features=80, bias=True)
  (fc_N5): Linear(in_features=80, out_features=80, bias=True)
  (fc_N6): Linear(in_features=80, out_features=80, bias=True)
  (fc_N7): Linear(in_features=80, out_features=80, bias=True)
  (fc_N8): Linear(in_features=80, out_features=80, bias=True)
  (fc_N9): Linear(in_features=80, out_features=80, bias=True)
  (transform): GRNNTransformSimpleNiNReLU(
    (fc_u): Linear(in_features=4, out_features=80, bias=True)
    (fc_h): Linear(in_features=240, out_features=80, bias=True)
    (fc_u_inner1): Linear(in_features=4, out_features=80, bias=True)
    (fc_u_outer1): Linear(in_features=4, out_features=80, bias=True)
    (fc_u_inner): Linear(in_features=4, out_features=80, bias=True)
    (fc_u_outer): Linear(in_features=4, out_features=80, bias=True)
    (fc_N0): Linear(in_features=80, out_features=80, bias=True)
    (fc_N1): Linear(in_features=80, out_features=80, bias=True)
    (fc_N2): Linear(in_features=80, out_features=80, bias=True)
    (fc_N3): Linear(in_features=80, out_features=80, bias=True)
    (fc_N4): Linear(in_features=80, out_features=80, bias=True)
    (fc_N5): Linear(in_features=80, out_features=80, bias=True)
    (fc_N6): Linear(in_features=80, out_features=80, bias=True)
    (fc_N7): Linear(in_features=80, out_features=80, bias=True)
    (fc_N8): Linear(in_features=80, out_features=80, bias=True)
    (fc_N9): Linear(in_features=80, out_features=80, bias=True)
  )
  (fc1): Linear(in_features=80, out_features=80, bias=True)
  (fc2): Linear(in_features=80, out_features=80, bias=True)
  (fc3): Linear(in_features=80, out_features=1, bias=True)
)
2022-02-03 19:42:59,962:INFO: ------------------------------------------------------------
2022-02-03 19:42:59,962:INFO: Building optimizer...
2022-02-03 19:42:59,963:INFO: Starting training for 30 epoch(s)
2022-02-03 19:43:01,807:INFO: Epoch 1/30
2022-02-03 19:46:48,237:INFO: - Train metrics: accuracy: 0.4997 ; loss: 0.6938
2022-02-03 19:47:34,374:INFO: - Eval metrics : accuracy: 0.5000 ; loss: 0.6932
2022-02-03 19:47:34,578:INFO: - Found new best bg rejection = inf
2022-02-03 19:47:34,579:INFO: Epoch 2/30
2022-02-03 19:51:23,342:INFO: - Train metrics: accuracy: 0.4998 ; loss: 0.6934
2022-02-03 19:52:09,336:INFO: - Eval metrics : accuracy: 0.5000 ; loss: 0.6931
2022-02-03 19:52:09,542:INFO: - Found new best bg rejection = inf
2022-02-03 19:52:09,543:INFO: Epoch 3/30
2022-02-03 19:56:04,423:INFO: - Train metrics: accuracy: 0.5005 ; loss: 0.6934
2022-02-03 19:56:50,404:INFO: - Eval metrics : accuracy: 0.5000 ; loss: 0.6931
2022-02-03 19:56:50,619:INFO: - Found new best bg rejection = inf
2022-02-03 19:56:50,621:INFO: Epoch 4/30
2022-02-03 20:00:59,366:INFO: - Train metrics: accuracy: 0.5003 ; loss: 0.6933
2022-02-03 20:01:44,636:INFO: - Eval metrics : accuracy: 0.5000 ; loss: 0.6931
2022-02-03 20:01:44,848:INFO: - Found new best bg rejection = inf
2022-02-03 20:01:44,849:INFO: Epoch 5/30
2022-02-03 20:05:54,918:INFO: - Train metrics: accuracy: 0.5004 ; loss: 0.6933
2022-02-03 20:06:40,526:INFO: - Eval metrics : accuracy: 0.5000 ; loss: 0.6931
2022-02-03 20:06:40,753:INFO: - Found new best bg rejection = inf
2022-02-03 20:06:40,754:INFO: Epoch 6/30
2022-02-03 20:10:54,896:INFO: - Train metrics: accuracy: 0.5009 ; loss: 0.6932
2022-02-03 20:11:40,704:INFO: - Eval metrics : accuracy: 0.5000 ; loss: 0.6931
2022-02-03 20:11:40,927:INFO: - Found new best bg rejection = inf
2022-02-03 20:11:40,928:INFO: Epoch 7/30
2022-02-03 20:15:56,612:INFO: - Train metrics: accuracy: 0.5007 ; loss: 0.6932
2022-02-03 20:16:42,200:INFO: - Eval metrics : accuracy: 0.5000 ; loss: 0.6932
2022-02-03 20:16:42,429:INFO: - Found new best bg rejection = inf
2022-02-03 20:16:42,430:INFO: Epoch 8/30
2022-02-03 20:20:59,559:INFO: - Train metrics: accuracy: 0.5005 ; loss: 0.6932
2022-02-03 20:21:44,976:INFO: - Eval metrics : accuracy: 0.5000 ; loss: 0.6932
2022-02-03 20:21:45,209:INFO: - Found new best bg rejection = inf
2022-02-03 20:21:45,210:INFO: Epoch 9/30
2022-02-03 20:26:02,281:INFO: - Train metrics: accuracy: 0.5007 ; loss: 0.6932
2022-02-03 20:26:47,875:INFO: - Eval metrics : accuracy: 0.5000 ; loss: 0.6932
2022-02-03 20:26:48,117:INFO: - Found new best bg rejection = inf
2022-02-03 20:26:48,118:INFO: Epoch 10/30
2022-02-03 20:31:06,791:INFO: - Train metrics: accuracy: 0.5008 ; loss: 0.6932
2022-02-03 20:31:52,271:INFO: - Eval metrics : accuracy: 0.5000 ; loss: 0.6932
2022-02-03 20:31:52,513:INFO: - Found new best bg rejection = inf
2022-02-03 20:31:52,514:INFO: Epoch 11/30
2022-02-03 20:36:12,473:INFO: - Train metrics: accuracy: 0.5006 ; loss: 0.6932
2022-02-03 20:36:58,340:INFO: - Eval metrics : accuracy: 0.5000 ; loss: 0.6932
2022-02-03 20:36:58,596:INFO: - Found new best bg rejection = inf
2022-02-03 20:36:58,598:INFO: Epoch 12/30
2022-02-03 20:41:18,306:INFO: - Train metrics: accuracy: 0.5001 ; loss: 0.6932
2022-02-03 20:42:04,192:INFO: - Eval metrics : accuracy: 0.5000 ; loss: 0.6932
2022-02-03 20:42:04,443:INFO: - Found new best bg rejection = inf
2022-02-03 20:42:04,444:INFO: Epoch 13/30
2022-02-03 20:46:25,452:INFO: - Train metrics: accuracy: 0.5002 ; loss: 0.6932
2022-02-03 20:47:11,088:INFO: - Eval metrics : accuracy: 0.5000 ; loss: 0.6932
2022-02-03 20:47:11,350:INFO: - Found new best bg rejection = inf
2022-02-03 20:47:11,352:INFO: Epoch 14/30
2022-02-03 20:51:31,405:INFO: - Train metrics: accuracy: 0.5000 ; loss: 0.6932
2022-02-03 20:52:17,180:INFO: - Eval metrics : accuracy: 0.5000 ; loss: 0.6932
2022-02-03 20:52:17,444:INFO: - Found new best bg rejection = inf
2022-02-03 20:52:17,445:INFO: Epoch 15/30
2022-02-03 20:56:40,266:INFO: - Train metrics: accuracy: 0.5000 ; loss: 0.6932
2022-02-03 20:57:26,123:INFO: - Eval metrics : accuracy: 0.5000 ; loss: 0.6932
2022-02-03 20:57:26,390:INFO: - Found new best bg rejection = inf
2022-02-03 20:57:26,392:INFO: Epoch 16/30
2022-02-03 21:01:50,523:INFO: - Train metrics: accuracy: 0.5003 ; loss: 0.6932
2022-02-03 21:02:36,136:INFO: - Eval metrics : accuracy: 0.5000 ; loss: 0.6932
2022-02-03 21:02:36,411:INFO: - Found new best bg rejection = inf
2022-02-03 21:02:36,412:INFO: Epoch 17/30
2022-02-03 21:07:00,604:INFO: - Train metrics: accuracy: 0.5006 ; loss: 0.6932
2022-02-03 21:07:46,565:INFO: - Eval metrics : accuracy: 0.5000 ; loss: 0.6932
2022-02-03 21:07:46,839:INFO: - Found new best bg rejection = inf
2022-02-03 21:07:46,840:INFO: Epoch 18/30
2022-02-03 21:12:11,577:INFO: - Train metrics: accuracy: 0.5004 ; loss: 0.6932
2022-02-03 21:12:57,344:INFO: - Eval metrics : accuracy: 0.5000 ; loss: 0.6932
2022-02-03 21:12:57,620:INFO: - Found new best bg rejection = inf
2022-02-03 21:12:57,625:INFO: Epoch 19/30
2022-02-03 21:17:23,549:INFO: - Train metrics: accuracy: 0.5006 ; loss: 0.6932
2022-02-03 21:18:10,187:INFO: - Eval metrics : accuracy: 0.5000 ; loss: 0.6932
2022-02-03 21:18:10,501:INFO: - Found new best bg rejection = inf
2022-02-03 21:18:10,513:INFO: Epoch 20/30
2022-02-03 21:22:41,538:INFO: - Train metrics: accuracy: 0.5007 ; loss: 0.6932
2022-02-03 21:23:27,849:INFO: - Eval metrics : accuracy: 0.5000 ; loss: 0.6932
2022-02-03 21:23:28,124:INFO: - Found new best bg rejection = inf
2022-02-03 21:23:28,138:INFO: Epoch 21/30
2022-02-03 21:27:56,310:INFO: - Train metrics: accuracy: 0.5005 ; loss: 0.6932
2022-02-03 21:28:42,449:INFO: - Eval metrics : accuracy: 0.5000 ; loss: 0.6932
2022-02-03 21:28:42,719:INFO: - Found new best bg rejection = inf
2022-02-03 21:28:42,742:INFO: Epoch 22/30
2022-02-03 21:33:11,466:INFO: - Train metrics: accuracy: 0.5002 ; loss: 0.6932
2022-02-03 21:33:56,558:INFO: - Eval metrics : accuracy: 0.5000 ; loss: 0.6932
2022-02-03 21:33:56,843:INFO: - Found new best bg rejection = inf
2022-02-03 21:33:56,845:INFO: Epoch 23/30
2022-02-03 21:38:24,473:INFO: - Train metrics: accuracy: 0.5001 ; loss: 0.6932
2022-02-03 21:39:10,489:INFO: - Eval metrics : accuracy: 0.5000 ; loss: 0.6932
2022-02-03 21:39:10,800:INFO: - Found new best bg rejection = inf
2022-02-03 21:39:10,803:INFO: Epoch 24/30
2022-02-03 21:43:41,795:INFO: - Train metrics: accuracy: 0.5000 ; loss: 0.6932
2022-02-03 21:44:27,792:INFO: - Eval metrics : accuracy: 0.5000 ; loss: 0.6932
2022-02-03 21:44:28,064:INFO: - Found new best bg rejection = inf
2022-02-03 21:44:28,078:INFO: Epoch 25/30
2022-02-03 21:48:59,472:INFO: - Train metrics: accuracy: 0.4998 ; loss: 0.6932
2022-02-03 21:49:45,457:INFO: - Eval metrics : accuracy: 0.5000 ; loss: 0.6932
2022-02-03 21:49:45,735:INFO: - Found new best bg rejection = inf
2022-02-03 21:49:45,736:INFO: Epoch 26/30
2022-02-03 21:54:17,965:INFO: - Train metrics: accuracy: 0.4994 ; loss: 0.6932
2022-02-03 21:55:04,236:INFO: - Eval metrics : accuracy: 0.5000 ; loss: 0.6932
2022-02-03 21:55:04,508:INFO: - Found new best bg rejection = inf
2022-02-03 21:55:04,509:INFO: Epoch 27/30
2022-02-03 21:59:38,577:INFO: - Train metrics: accuracy: 0.4994 ; loss: 0.6932
2022-02-03 22:00:24,647:INFO: - Eval metrics : accuracy: 0.5000 ; loss: 0.6932
2022-02-03 22:00:24,922:INFO: - Found new best bg rejection = inf
2022-02-03 22:00:24,923:INFO: Epoch 28/30
2022-02-03 22:04:58,753:INFO: - Train metrics: accuracy: 0.4989 ; loss: 0.6932
2022-02-03 22:05:44,186:INFO: - Eval metrics : accuracy: 0.5000 ; loss: 0.6932
2022-02-03 22:05:44,455:INFO: - Found new best bg rejection = inf
2022-02-03 22:05:44,456:INFO: Epoch 29/30
2022-02-03 22:10:16,736:INFO: - Train metrics: accuracy: 0.4992 ; loss: 0.6932
2022-02-03 22:11:02,700:INFO: - Eval metrics : accuracy: 0.5000 ; loss: 0.6932
2022-02-03 22:11:02,984:INFO: - Found new best bg rejection = inf
2022-02-03 22:11:02,985:INFO: Epoch 30/30
2022-02-03 22:15:38,378:INFO: - Train metrics: accuracy: 0.4993 ; loss: 0.6932
2022-02-03 22:16:24,421:INFO: - Eval metrics : accuracy: 0.5000 ; loss: 0.6932
2022-02-03 22:16:24,702:INFO: - Found new best bg rejection = inf
2022-02-03 22:16:26,399:INFO: Total time (minutes) =153.5109521428744
